2023-01-25 00:41:02.535223] ======================== REQUEST ==============================] 2023-01-25 00:41:02.539226] Method : POST] 2023-01-25 00:41:50.658215] ======================== REQUEST ==============================] 2023-01-25 00:41:50.663141] Method : POST] 2023-01-25 00:41:50.668132] POST : <QueryDict: {'username': ['anubhav.sharma'], 'password': ['Hermione@1997'], 'csrfmiddlewaretoken': ['LFgAlE4LXNsZmLKwnDaUcxAy1hJfVmwE2FKflhu07th3p7bbxMpnMYcxCnqLWdRA']}>] 2023-01-25 00:41:50.672132] GET : <QueryDict: {}>] 2023-01-25 00:41:50.676220] ===================== END REQUEST =============================] 2023-01-25 00:42:06.255675] ======================== REQUEST ==============================] 2023-01-25 00:42:06.260674] Method : POST] 2023-01-25 00:42:06.267192] POST : <QueryDict: {'username': ['AnubhavSharma'], 'email': ['anubhav.sharma@table.com'], 'password': ['Hermione@1997'], 'confirmPassword': ['Anubhav'], 'csrfmiddlewaretoken': ['zA0rdiiANYCILqaYbBjCbL7kz7E8u89qQAu6dVIPXErMOMBDlKy5LcJjadlEvZum']}>] 2023-01-25 00:42:06.271044] GET : <QueryDict: {}>] 2023-01-25 00:42:06.274008] ===================== END REQUEST =============================] 2023-01-25 00:44:10.427169] ======================== REQUEST ==============================] 2023-01-25 00:44:10.431176] Method : POST] 2023-01-25 00:44:10.435237] POST : <QueryDict: {'username': ['AnubhavSharma'], 'email': ['anubhav.sharma@table.com'], 'password': ['Hermione@1997'], 'confirmPassword': ['Anubhav'], 'csrfmiddlewaretoken': ['zA0rdiiANYCILqaYbBjCbL7kz7E8u89qQAu6dVIPXErMOMBDlKy5LcJjadlEvZum']}>] 2023-01-25 00:44:10.439140] GET : <QueryDict: {}>] 2023-01-25 00:44:10.443139] ===================== END REQUEST =============================] 2023-01-25 00:44:14.626181] ======================== REQUEST ==============================] 2023-01-25 00:44:14.632956] Method : POST] 2023-01-25 00:44:14.637641] POST : <QueryDict: {'username': ['AnubhavSharma'], 'email': ['anubhav@gmail.com'], 'password': [''], 'confirmPassword': [''], 'csrfmiddlewaretoken': ['IEalfXFT3MVbVrmiEyojNVlqgncEjrHMZEE0fA58dsKfYNNXOHDMnmXpRtTaki2I']}>] 2023-01-25 00:44:14.641268] GET : <QueryDict: {}>] 2023-01-25 00:44:14.645261] ===================== END REQUEST =============================] 2023-01-25 00:44:29.585569] ======================== REQUEST ==============================] 2023-01-25 00:44:29.592576] Method : POST] 2023-01-25 00:44:29.596931] POST : <QueryDict: {'username': ['AnubhavSharma2'], 'email': ['anu2bhav@gmail.com'], 'password': ['Hermione@1997'], 'confirmPassword': ['Anubhav'], 'csrfmiddlewaretoken': ['IEalfXFT3MVbVrmiEyojNVlqgncEjrHMZEE0fA58dsKfYNNXOHDMnmXpRtTaki2I']}>] 2023-01-25 00:44:29.600812] GET : <QueryDict: {}>] 2023-01-25 00:44:29.606854] ===================== END REQUEST =============================] 2023-01-25 00:45:36.037974] ======================== REQUEST ==============================] 
2023-01-25 00:45:36.043523] Method : POST] 
2023-01-25 00:45:36.047485] POST : <QueryDict: {'username': ['AnubhavSharma2'], 'email': ['anu2bhav@gmail.com'], 'password': ['Hermione@1997'], 'confirmPassword': ['Anubhav'], 'csrfmiddlewaretoken': ['IEalfXFT3MVbVrmiEyojNVlqgncEjrHMZEE0fA58dsKfYNNXOHDMnmXpRtTaki2I']}>] 
2023-01-25 00:45:36.050485] GET : <QueryDict: {}>] 
2023-01-25 00:45:36.057577] ===================== END REQUEST =============================] 
2023-01-25 00:45:52.916093] ======================== REQUEST ==============================] 
2023-01-25 00:45:52.922094] Method : POST] 
2023-01-25 00:45:52.929161] POST : <QueryDict: {'username': ['anubhav.sharma@facebook.com'], 'email': ['anubhav.sharma@tesla.com'], 'password': ['Hermione@1997'], 'confirmPassword': ['Anubhav'], 'csrfmiddlewaretoken': ['HOSH9EnQs06CjrNAr3mcD1Y8oqll3AczYOmm9hN5CGVGmNefBcBFdsA7Zw2R4rxv']}>] 
2023-01-25 00:45:52.933291] GET : <QueryDict: {}>] 
2023-01-25 00:45:52.940301] ===================== END REQUEST =============================] 
2023-01-25 00:46:45.852423] ======================== REQUEST ==============================] 
2023-01-25 00:46:45.858425] Method : POST] 
2023-01-25 00:46:45.864224] POST : <QueryDict: {'username': ['anubhav.sharma@facebook.com'], 'email': ['anubhav.sharma@tesla.com'], 'password': ['Hermione@1997'], 'confirmPassword': ['Anubhav'], 'csrfmiddlewaretoken': ['HOSH9EnQs06CjrNAr3mcD1Y8oqll3AczYOmm9hN5CGVGmNefBcBFdsA7Zw2R4rxv']}>] 
2023-01-25 00:46:45.868293] GET : <QueryDict: {}>] 
2023-01-25 00:46:45.873229] ===================== END REQUEST =============================] 
2023-01-25 00:46:52.734041] ======================== REQUEST ==============================] 
2023-01-25 00:46:52.741040] Method : GET] 
2023-01-25 00:46:52.747056] POST : <QueryDict: {}>] 
2023-01-25 00:46:52.752043] GET : <QueryDict: {}>] 
2023-01-25 00:46:52.758043] ===================== END REQUEST =============================] 
2023-01-25 00:51:50.580018] ======================== REQUEST ==============================] 
2023-01-25 00:51:50.585020] Method : GET] 
2023-01-25 00:51:50.590019] POST : <QueryDict: {}>] 
2023-01-25 00:51:50.596037] GET : <QueryDict: {}>] 
2023-01-25 00:51:50.601803] ===================== END REQUEST =============================] 
2023-01-25 00:52:28.875834] ======================== REQUEST ==============================] 
2023-01-25 00:52:28.881877] Method : POST] 
2023-01-25 00:52:28.887836] POST : <QueryDict: {'username': ['AnubhavSharma'], 'email': ['anubhav.sharma@gmail.com'], 'password': ['Hermione@1997'], 'confirmPassword': ['Hermione@1997'], 'csrfmiddlewaretoken': ['CSm6ztoVpSguXtgZROaYlY78NAsKgRaNTSQLz6Oazy5y0PHE1XprVpJ7oG9ghIvJ']}>] 
2023-01-25 00:52:28.892838] GET : <QueryDict: {}>] 
2023-01-25 00:52:28.897837] ===================== END REQUEST =============================] 
2023-01-25 00:52:52.654900] ======================== REQUEST ==============================] 
2023-01-25 00:52:52.660915] Method : POST] 
2023-01-25 00:52:52.667898] POST : <QueryDict: {'username': ['AnubhavSharma'], 'password': ['Hermione@1997'], 'csrfmiddlewaretoken': ['XT2K426sj15acZQft67WMqQantEjTR8meTwp4FwHtHUeflhUDfmpmRs9YzlPUIti']}>] 
2023-01-25 00:52:52.674905] GET : <QueryDict: {}>] 
2023-01-25 00:52:52.679163] ===================== END REQUEST =============================] 
2023-01-25 00:55:32.043754] ======================== REQUEST ==============================] 
2023-01-25 00:55:32.049721] Method : POST] 
2023-01-25 00:55:32.054757] POST : <QueryDict: {'username': ['AnubhavSharma'], 'password': ['Hermione@1997'], 'csrfmiddlewaretoken': ['XT2K426sj15acZQft67WMqQantEjTR8meTwp4FwHtHUeflhUDfmpmRs9YzlPUIti']}>] 
2023-01-25 00:55:32.060753] GET : <QueryDict: {}>] 
2023-01-25 00:55:32.066202] ===================== END REQUEST =============================] 
2023-01-25 00:55:33.820515] ======================== REQUEST ==============================] 
2023-01-25 00:55:33.826528] Method : POST] 
2023-01-25 00:55:33.831911] POST : <QueryDict: {'username': ['AnubhavSharma'], 'password': ['Hermione@1997'], 'csrfmiddlewaretoken': ['XT2K426sj15acZQft67WMqQantEjTR8meTwp4FwHtHUeflhUDfmpmRs9YzlPUIti']}>] 
2023-01-25 00:55:33.837208] GET : <QueryDict: {}>] 
2023-01-25 00:55:33.842221] ===================== END REQUEST =============================] 
2023-01-25 00:56:53.982709] ======================== REQUEST ==============================] 
2023-01-25 00:56:53.986921] Method : POST] 
2023-01-25 00:56:53.992923] POST : <QueryDict: {'username': ['AnubhavSharma'], 'password': ['Hermione@1997'], 'csrfmiddlewaretoken': ['XT2K426sj15acZQft67WMqQantEjTR8meTwp4FwHtHUeflhUDfmpmRs9YzlPUIti']}>] 
2023-01-25 00:56:53.998921] GET : <QueryDict: {}>] 
2023-01-25 00:56:54.004454] ===================== END REQUEST =============================] 
2023-01-25 00:56:55.135548] ======================== REQUEST ==============================] 
2023-01-25 00:56:55.140580] Method : POST] 
2023-01-25 00:56:55.146520] POST : <QueryDict: {'username': ['AnubhavSharma'], 'password': ['Hermione@1997'], 'csrfmiddlewaretoken': ['XT2K426sj15acZQft67WMqQantEjTR8meTwp4FwHtHUeflhUDfmpmRs9YzlPUIti']}>] 
2023-01-25 00:56:55.151740] GET : <QueryDict: {}>] 
2023-01-25 00:56:55.156629] ===================== END REQUEST =============================] 
2023-01-25 00:58:35.551113] ======================== REQUEST ==============================] 
2023-01-25 00:58:35.557155] Method : POST] 
2023-01-25 00:58:35.561563] POST : <QueryDict: {'username': ['AnubhavSharma'], 'password': ['Hermione@1997'], 'csrfmiddlewaretoken': ['XT2K426sj15acZQft67WMqQantEjTR8meTwp4FwHtHUeflhUDfmpmRs9YzlPUIti']}>] 
2023-01-25 00:58:35.569565] GET : <QueryDict: {}>] 
2023-01-25 00:58:35.574827] ===================== END REQUEST =============================] 
